21:31:59.348 [TestNG-tests-1] INFO  testClasses.LogIn - Username Entered
21:32:01.459 [TestNG-tests-1] INFO  testClasses.LogIn - Password enterd
21:32:26.611 [TestNG-tests-1] INFO  testClasses.LogIn - Assertion passed
21:33:36.043 [TestNG-tests-1] INFO  testClasses.LogIn - Username Entered
21:33:38.099 [TestNG-tests-1] INFO  testClasses.LogIn - Password enterd
21:33:51.224 [TestNG-tests-1] INFO  testClasses.LogIn - Assertion passed
21:38:34.516 [TestNG-tests-1] INFO  testClasses.LogIn - Username Entered
21:38:36.656 [TestNG-tests-1] INFO  testClasses.LogIn - Password enterd
21:38:54.160 [TestNG-tests-1] INFO  testClasses.LogIn - Assertion passed
21:38:58.490 [TestNG-tests-1] INFO  testClasses.LogIn - highest priced product selected
21:41:25.201 [TestNG-tests-1] INFO  testClasses.LogIn - Username Entered
21:41:27.275 [TestNG-tests-1] INFO  testClasses.LogIn - Password enterd
21:41:57.654 [TestNG-tests-1] INFO  testClasses.LogIn - Username Entered
21:41:59.795 [TestNG-tests-1] INFO  testClasses.LogIn - Password enterd
21:42:14.021 [TestNG-tests-1] INFO  testClasses.LogIn - Assertion passed
21:42:18.686 [TestNG-tests-1] INFO  testClasses.LogIn - highest priced product selected
21:42:23.857 [TestNG-tests-1] INFO  testClasses.LogIn - Entered your cart page
21:54:51.221 [TestNG-tests-1] INFO  testClasses.LogIn - Username Entered
21:54:53.353 [TestNG-tests-1] INFO  testClasses.LogIn - Password enterd
21:55:12.558 [TestNG-tests-1] INFO  testClasses.LogIn - Assertion passed
21:55:17.030 [TestNG-tests-1] INFO  testClasses.LogIn - highest priced product selected
21:55:22.196 [TestNG-tests-1] INFO  testClasses.LogIn - Entered your cart page
22:26:08.386 [TestNG-tests-1] INFO  testClasses.LogIn - Username Entered
22:26:10.525 [TestNG-tests-1] INFO  testClasses.LogIn - Password enterd
22:26:29.290 [TestNG-tests-1] INFO  testClasses.LogIn - Assertion passed
22:26:33.764 [TestNG-tests-1] INFO  testClasses.LogIn - highest priced product selected
22:26:38.963 [TestNG-tests-1] INFO  testClasses.LogIn - Entered your cart page
22:26:39.060 [TestNG-tests-1] INFO  testClasses.LogIn - Clicked on Check Out Button
22:56:13.491 [TestNG-tests-1] INFO  testClasses.LogIn - Username Entered
22:56:15.624 [TestNG-tests-1] INFO  testClasses.LogIn - Password enterd
22:56:40.941 [TestNG-tests-1] INFO  testClasses.LogIn - Assertion passed
22:56:45.628 [TestNG-tests-1] INFO  testClasses.LogIn - highest priced product selected
22:56:50.793 [TestNG-tests-1] INFO  testClasses.LogIn - Entered your cart page
22:56:50.918 [TestNG-tests-1] INFO  testClasses.LogIn - Clicked on Check Out Button
22:56:55.381 [TestNG-tests-1] INFO  testClasses.LogIn - All data entered
23:06:55.766 [TestNG-tests-1] INFO  testClasses.LogIn - Username Entered
23:06:57.977 [TestNG-tests-1] INFO  testClasses.LogIn - Password enterd
23:07:22.450 [TestNG-tests-1] INFO  testClasses.LogIn - Assertion passed
23:07:26.818 [TestNG-tests-1] INFO  testClasses.LogIn - highest priced product selected
23:07:31.976 [TestNG-tests-1] INFO  testClasses.LogIn - Entered your cart page
23:07:32.131 [TestNG-tests-1] INFO  testClasses.LogIn - Clicked on Check Out Button
23:07:36.666 [TestNG-tests-1] INFO  testClasses.LogIn - All data entered
23:07:36.789 [TestNG-tests-1] INFO  testClasses.LogIn - Button clicked
23:07:36.824 [TestNG-tests-1] INFO  testClasses.LogIn - Landed on Checkout overview
23:16:32.559 [TestNG-tests-1] INFO  testClasses.LogIn - Username Entered
23:16:34.753 [TestNG-tests-1] INFO  testClasses.LogIn - Password enterd
23:17:02.745 [TestNG-tests-1] INFO  testClasses.LogIn - Assertion passed
23:17:07.147 [TestNG-tests-1] INFO  testClasses.LogIn - highest priced product selected
23:17:12.338 [TestNG-tests-1] INFO  testClasses.LogIn - Entered your cart page
23:17:12.453 [TestNG-tests-1] INFO  testClasses.LogIn - Clicked on Check Out Button
23:17:16.922 [TestNG-tests-1] INFO  testClasses.LogIn - All data entered
23:17:17.051 [TestNG-tests-1] INFO  testClasses.LogIn - Button clicked
23:17:17.090 [TestNG-tests-1] INFO  testClasses.LogIn - Landed on Checkout overview
