13:31:46.857 [main] INFO  testClasses.LogIn - Username Entered
13:31:49.025 [main] INFO  testClasses.LogIn - Password enterd
13:33:08.337 [main] INFO  testClasses.LogIn - Assertion passed
13:57:24.217 [TestNG-tests-1] INFO  testClasses.LogIn - Username Entered
13:57:26.355 [TestNG-tests-1] INFO  testClasses.LogIn - Password enterd
13:57:42.086 [TestNG-tests-1] INFO  testClasses.LogIn - Assertion passed
14:00:19.135 [TestNG-tests-1] INFO  testClasses.LogIn - Username Entered
14:00:21.256 [TestNG-tests-1] INFO  testClasses.LogIn - Password enterd
14:00:34.423 [TestNG-tests-1] INFO  testClasses.LogIn - Assertion passed
18:53:14.958 [TestNG-tests-1] INFO  testClasses.LogIn - Username Entered
18:53:17.136 [TestNG-tests-1] INFO  testClasses.LogIn - Password enterd
18:53:32.311 [TestNG-tests-1] INFO  testClasses.LogIn - Assertion passed
18:55:01.051 [TestNG-tests-1] INFO  testClasses.LogIn - Username Entered
18:55:03.158 [TestNG-tests-1] INFO  testClasses.LogIn - Password enterd
18:55:18.270 [TestNG-tests-1] INFO  testClasses.LogIn - Assertion passed
19:33:25.069 [TestNG-tests-1] INFO  testClasses.LogIn - Username Entered
19:33:27.219 [TestNG-tests-1] INFO  testClasses.LogIn - Password enterd
19:33:52.881 [TestNG-tests-1] INFO  testClasses.LogIn - Assertion passed
19:35:18.142 [TestNG-tests-1] INFO  testClasses.LogIn - Username Entered
19:35:20.413 [TestNG-tests-1] INFO  testClasses.LogIn - Password enterd
19:35:35.081 [TestNG-tests-1] INFO  testClasses.LogIn - Assertion passed
19:42:55.514 [TestNG-tests-1] INFO  testClasses.LogIn - Username Entered
19:42:57.783 [TestNG-tests-1] INFO  testClasses.LogIn - Password enterd
19:43:15.446 [TestNG-tests-1] INFO  testClasses.LogIn - Assertion passed
19:50:49.058 [TestNG-tests-1] INFO  testClasses.LogIn - Username Entered
19:50:51.194 [TestNG-tests-1] INFO  testClasses.LogIn - Password enterd
19:51:34.181 [TestNG-tests-1] INFO  testClasses.LogIn - Assertion passed
19:52:28.973 [TestNG-tests-1] INFO  testClasses.LogIn - Username Entered
19:52:31.093 [TestNG-tests-1] INFO  testClasses.LogIn - Password enterd
19:53:03.474 [TestNG-tests-1] INFO  testClasses.LogIn - Assertion passed
19:54:20.215 [TestNG-tests-1] INFO  testClasses.LogIn - Username Entered
19:54:22.330 [TestNG-tests-1] INFO  testClasses.LogIn - Password enterd
19:54:42.041 [TestNG-tests-1] INFO  testClasses.LogIn - Assertion passed
20:13:02.813 [TestNG-tests-1] INFO  testClasses.LogIn - Username Entered
20:13:04.952 [TestNG-tests-1] INFO  testClasses.LogIn - Password enterd
20:13:26.335 [TestNG-tests-1] INFO  testClasses.LogIn - Assertion passed
20:16:55.276 [TestNG-tests-1] INFO  testClasses.LogIn - Username Entered
20:16:57.453 [TestNG-tests-1] INFO  testClasses.LogIn - Password enterd
20:17:23.298 [TestNG-tests-1] INFO  testClasses.LogIn - Assertion passed
